[09-Feb-2025 04:52:50 UTC] SPE\Core\Cfg::__construct
[09-Feb-2025 04:52:50 UTC] SPE\Core\Ctx::__construct
[09-Feb-2025 04:52:50 UTC] SPE\Core\Init::__construct
[09-Feb-2025 04:52:50 UTC] 'SPE\\Plugins\\Contact\\Model'
[09-Feb-2025 04:52:50 UTC] 'read'
[09-Feb-2025 04:52:50 UTC] SPE\Core\Plugin::__construct
[09-Feb-2025 04:52:50 UTC] SPE\Plugins\Contact\Model::read
[09-Feb-2025 04:52:50 UTC] SPE\Themes\Base::__construct
[09-Feb-2025 04:52:50 UTC] SPE\Plugins\Contact\View::read
[09-Feb-2025 04:52:50 UTC] SPE\Themes\Simple::__construct
[09-Feb-2025 04:52:50 UTC] SPE\Themes\Base::__construct
[09-Feb-2025 04:52:50 UTC] SPE\Themes\Base::css
[09-Feb-2025 04:52:50 UTC] SPE\Themes\Base::log
[09-Feb-2025 04:52:50 UTC] SPE\Themes\Base::nav1
[09-Feb-2025 04:52:50 UTC] SPE\Themes\Base::head
[09-Feb-2025 04:52:50 UTC] SPE\Themes\Base::main
[09-Feb-2025 04:52:50 UTC] SPE\Themes\Simple::foot
[09-Feb-2025 04:52:50 UTC] SPE\Themes\Base::js
[09-Feb-2025 04:52:50 UTC] SPE\Themes\Base::html
[09-Feb-2025 04:52:50 UTC] SPE\Core\Init::__toString
